0 info it worked if it ends with ok
1 verbose cli [ '/usr/local/Cellar/node/0.8.21/bin/node',
1 verbose cli   '/usr/local/bin/npm',
1 verbose cli   'start' ]
2 info using npm@1.2.11
3 info using node@v0.8.21
4 verbose read json /Users/hyurumi/Dropbox/Workspace/Slido/package.json
5 warn package.json application-name@0.0.1 No README.md file found!
6 verbose run-script [ 'prestart', 'start', 'poststart' ]
7 info prestart application-name@0.0.1
8 info start application-name@0.0.1
9 verbose unsafe-perm in lifecycle true
10 silly exec sh "-c" "node app"
11 silly sh,-c,node app,/Users/hyurumi/Dropbox/Workspace/Slido spawning
12 info application-name@0.0.1 Failed to exec start script
13 error application-name@0.0.1 start: `node app`
13 error `sh "-c" "node app"` failed with 1
14 error Failed at the application-name@0.0.1 start script.
14 error This is most likely a problem with the application-name package,
14 error not with npm itself.
14 error Tell the author that this fails on your system:
14 error     node app
14 error You can get their info via:
14 error     npm owner ls application-name
14 error There is likely additional logging output above.
15 error System Darwin 11.4.2
16 error command "/usr/local/Cellar/node/0.8.21/bin/node" "/usr/local/bin/npm" "start"
17 error cwd /Users/hyurumi/Dropbox/Workspace/Slido
18 error node -v v0.8.21
19 error npm -v 1.2.11
20 error code ELIFECYCLE
21 verbose exit [ 1, true ]
